Determining if the pthread_create exist failed with the following output:
Change Dir: /home/user/svo_workspace/build/CMakeFiles/CMakeTmp

Run Build Command:"/usr/bin/make" "cmTC_592cc/fast"
/usr/bin/make -f CMakeFiles/cmTC_592cc.dir/build.make CMakeFiles/cmTC_592cc.dir/build
make[1]: Entering directory '/home/user/svo_workspace/build/CMakeFiles/CMakeTmp'
Building C object CMakeFiles/cmTC_592cc.dir/CheckSymbolExists.c.o
/usr/bin/cc     -o CMakeFiles/cmTC_592cc.dir/CheckSymbolExists.c.o   -c /home/user/svo_workspace/build/CMakeFiles/CMakeTmp/CheckSymbolExists.c
Linking C executable cmTC_592cc
/usr/bin/cmake -E cmake_link_script CMakeFiles/cmTC_592cc.dir/link.txt --verbose=1
/usr/bin/cc       CMakeFiles/cmTC_592cc.dir/CheckSymbolExists.c.o  -o cmTC_592cc -rdynamic 
CMakeFiles/cmTC_592cc.dir/CheckSymbolExists.c.o: In function `main':
CheckSymbolExists.c:(.text+0x2c): undefined reference to `pthread_create'
collect2: error: ld returned 1 exit status
CMakeFiles/cmTC_592cc.dir/build.make:97: recipe for target 'cmTC_592cc' failed
make[1]: *** [cmTC_592cc] Error 1
make[1]: Leaving directory '/home/user/svo_workspace/build/CMakeFiles/CMakeTmp'
Makefile:126: recipe for target 'cmTC_592cc/fast' failed
make: *** [cmTC_592cc/fast] Error 2

File /home/user/svo_workspace/build/CMakeFiles/CMakeTmp/CheckSymbolExists.c:
/* */
#include <pthread.h>

int main(int argc, char** argv)
{
  (void)argv;
#ifndef pthread_create
  return ((int*)(&pthread_create))[argc];
#else
  (void)argc;
  return 0;
#endif
}

Determining if the function pthread_create exists in the pthreads failed with the following output:
Change Dir: /home/user/svo_workspace/build/CMakeFiles/CMakeTmp

Run Build Command:"/usr/bin/make" "cmTC_6da5b/fast"
/usr/bin/make -f CMakeFiles/cmTC_6da5b.dir/build.make CMakeFiles/cmTC_6da5b.dir/build
make[1]: Entering directory '/home/user/svo_workspace/build/CMakeFiles/CMakeTmp'
Building C object CMakeFiles/cmTC_6da5b.dir/CheckFunctionExists.c.o
/usr/bin/cc    -DCHECK_FUNCTION_EXISTS=pthread_create   -o CMakeFiles/cmTC_6da5b.dir/CheckFunctionExists.c.o   -c /usr/share/cmake-3.7/Modules/CheckFunctionExists.c
Linking C executable cmTC_6da5b
/usr/bin/cmake -E cmake_link_script CMakeFiles/cmTC_6da5b.dir/link.txt --verbose=1
/usr/bin/cc   -DCHECK_FUNCTION_EXISTS=pthread_create    CMakeFiles/cmTC_6da5b.dir/CheckFunctionExists.c.o  -o cmTC_6da5b -rdynamic -lpthreads 
/usr/bin/ld: cannot find -lpthreads
collect2: error: ld returned 1 exit status
CMakeFiles/cmTC_6da5b.dir/build.make:97: recipe for target 'cmTC_6da5b' failed
make[1]: *** [cmTC_6da5b] Error 1
make[1]: Leaving directory '/home/user/svo_workspace/build/CMakeFiles/CMakeTmp'
Makefile:126: recipe for target 'cmTC_6da5b/fast' failed
make: *** [cmTC_6da5b/fast] Error 2


